This is pdfTeX, Version 3.14159265-2.6-1.40.16 (MiKTeX 2.9) (preloaded format=pdflatex 2016.2.13)  14 FEB 2016 08:12
entering extended mode
**./dokument.tex
(dokument.tex
LaTeX2e <2015/10/01> patch level 2
Babel <3.9n> and hyphenation patterns for 69 languages loaded.
("C:\Users\SAMSUNG\AppData\Local\Programs\MiKTeX 2.9\tex\latex\base\article.cls
"
Document Class: article 2014/09/29 v1.4h Standard LaTeX document class
("C:\Users\SAMSUNG\AppData\Local\Programs\MiKTeX 2.9\tex\latex\base\size10.clo"
File: size10.clo 2014/09/29 v1.4h Standard LaTeX file (size option)
)
\c@part=\count79
\c@section=\count80
\c@subsection=\count81
\c@subsubsection=\count82
\c@paragraph=\count83
\c@subparagraph=\count84
\c@figure=\count85
\c@table=\count86
\abovecaptionskip=\skip41
\belowcaptionskip=\skip42
\bibindent=\dimen102
)
("C:\Users\SAMSUNG\AppData\Local\Programs\MiKTeX 2.9\tex\latex\base\inputenc.st
y"
Package: inputenc 2015/03/17 v1.2c Input encoding file
\inpenc@prehook=\toks14
\inpenc@posthook=\toks15

("C:\Users\SAMSUNG\AppData\Local\Programs\MiKTeX 2.9\tex\latex\base\cp1250.def"
File: cp1250.def 2015/03/17 v1.2c Input encoding file
))
("C:\Users\SAMSUNG\AppData\Local\Programs\MiKTeX 2.9\tex\latex\polski\polski.st
y"
Package: polski 2008/02/24 v1.3.3 Polish language package

Document language package `polski' v1.3.3 <2008/02/24>
   Inputenc package detected. Catcodes not changed.
\l@nohyphenation=\language70
   Switching to Polish text encoding and Polish maths fonts.
("C:\Users\SAMSUNG\AppData\Local\Programs\MiKTeX 2.9\tex\latex\base\ot4enc.def"
File: ot4enc.def 2005/09/27 v1.99g Standard LaTeX file
)
LaTeX Font Info:    Try loading font information for OT4+cmr on input line 346.


("C:\Users\SAMSUNG\AppData\Local\Programs\MiKTeX 2.9\tex\latex\polski\ot4cmr.fd
"
File: ot4cmr.fd 2008/02/24 v1.2.1 Font defs for fonts PL (MW)
)
LaTeX Font Info:    Overwriting math alphabet `\mathbf' in version `normal'
(Font)                  OT1/cmr/bx/n --> OT4/cmr/bx/n on input line 346.
LaTeX Font Info:    Overwriting math alphabet `\mathsf' in version `normal'
(Font)                  OT1/cmss/m/n --> OT4/cmss/m/n on input line 346.
LaTeX Font Info:    Overwriting math alphabet `\mathit' in version `normal'
(Font)                  OT1/cmr/m/it --> OT4/cmr/m/it on input line 346.
LaTeX Font Info:    Overwriting math alphabet `\mathtt' in version `normal'
(Font)                  OT1/cmtt/m/n --> OT4/cmtt/m/n on input line 346.
LaTeX Font Info:    Overwriting math alphabet `\mathsf' in version `bold'
(Font)                  OT1/cmss/bx/n --> OT4/cmss/bx/n on input line 346.
LaTeX Font Info:    Overwriting math alphabet `\mathit' in version `bold'
(Font)                  OT1/cmr/bx/it --> OT4/cmr/bx/it on input line 346.
LaTeX Font Info:    Encoding `OT1' has changed to `OT4' for symbol font
(Font)              `operators' in the math version `normal' on input line 346.

LaTeX Font Info:    Overwriting symbol font `operators' in version `normal'
(Font)                  OT1/cmr/m/n --> OT4/cmr/m/n on input line 346.
LaTeX Font Info:    Overwriting symbol font `letters' in version `normal'
(Font)                  OML/cmm/m/it --> OML/plm/m/it on input line 346.
LaTeX Font Info:    Overwriting symbol font `symbols' in version `normal'
(Font)                  OMS/cmsy/m/n --> OMS/plsy/m/n on input line 346.
LaTeX Font Info:    Overwriting symbol font `largesymbols' in version `normal'
(Font)                  OMX/cmex/m/n --> OMX/plex/m/n on input line 346.
LaTeX Font Info:    Encoding `OT1' has changed to `OT4' for symbol font
(Font)              `operators' in the math version `bold' on input line 346.
LaTeX Font Info:    Overwriting symbol font `operators' in version `bold'
(Font)                  OT1/cmr/bx/n --> OT4/cmr/bx/n on input line 346.
LaTeX Font Info:    Overwriting symbol font `letters' in version `bold'
(Font)                  OML/cmm/b/it --> OML/plm/b/it on input line 346.
LaTeX Font Info:    Overwriting symbol font `symbols' in version `bold'
(Font)                  OMS/cmsy/b/n --> OMS/plsy/b/n on input line 346.
)
("C:\Users\SAMSUNG\AppData\Local\Programs\MiKTeX 2.9\tex\latex\tools\indentfirs
t.sty"
Package: indentfirst 1995/11/23 v1.03 Indent first paragraph (DPC)
)
("C:\Users\SAMSUNG\AppData\Local\Programs\MiKTeX 2.9\tex\latex\graphics\graphic
x.sty"
Package: graphicx 2014/10/28 v1.0g Enhanced LaTeX Graphics (DPC,SPQR)

("C:\Users\SAMSUNG\AppData\Local\Programs\MiKTeX 2.9\tex\latex\graphics\keyval.
sty"
Package: keyval 2014/10/28 v1.15 key=value parser (DPC)
\KV@toks@=\toks16
)
("C:\Users\SAMSUNG\AppData\Local\Programs\MiKTeX 2.9\tex\latex\graphics\graphic
s.sty"
Package: graphics 2014/10/28 v1.0p Standard LaTeX Graphics (DPC,SPQR)

("C:\Users\SAMSUNG\AppData\Local\Programs\MiKTeX 2.9\tex\latex\graphics\trig.st
y"
Package: trig 1999/03/16 v1.09 sin cos tan (DPC)
)
("C:\Users\SAMSUNG\AppData\Local\Programs\MiKTeX 2.9\tex\latex\00miktex\graphic
s.cfg"
File: graphics.cfg 2007/01/18 v1.5 graphics configuration of teTeX/TeXLive
)
Package graphics Info: Driver file: pdftex.def on input line 94.

("C:\Users\SAMSUNG\AppData\Local\Programs\MiKTeX 2.9\tex\latex\pdftex-def\pdfte
x.def"
File: pdftex.def 2011/05/27 v0.06d Graphics/color for pdfTeX

("C:\Users\SAMSUNG\AppData\Local\Programs\MiKTeX 2.9\tex\generic\oberdiek\infwa
rerr.sty"
Package: infwarerr 2010/04/08 v1.3 Providing info/warning/error messages (HO)
)
("C:\Users\SAMSUNG\AppData\Local\Programs\MiKTeX 2.9\tex\generic\oberdiek\ltxcm
ds.sty"
Package: ltxcmds 2011/11/09 v1.22 LaTeX kernel commands for general use (HO)
)
\Gread@gobject=\count87
))
\Gin@req@height=\dimen103
\Gin@req@width=\dimen104
) (dokument.aux)
\openout1 = `dokument.aux'.

LaTeX Font Info:    Checking defaults for OML/cmm/m/it on input line 10.
LaTeX Font Info:    ... okay on input line 10.
LaTeX Font Info:    Checking defaults for T1/cmr/m/n on input line 10.
LaTeX Font Info:    ... okay on input line 10.
LaTeX Font Info:    Checking defaults for OT1/cmr/m/n on input line 10.
LaTeX Font Info:    ... okay on input line 10.
LaTeX Font Info:    Checking defaults for OMS/cmsy/m/n on input line 10.
LaTeX Font Info:    ... okay on input line 10.
LaTeX Font Info:    Checking defaults for OMX/cmex/m/n on input line 10.
LaTeX Font Info:    ... okay on input line 10.
LaTeX Font Info:    Checking defaults for U/cmr/m/n on input line 10.
LaTeX Font Info:    ... okay on input line 10.
LaTeX Font Info:    Checking defaults for OT4/cmr/m/n on input line 10.
LaTeX Font Info:    ... okay on input line 10.
LaTeX Font Info:    Try loading font information for OML+plm on input line 11.

("C:\Users\SAMSUNG\AppData\Local\Programs\MiKTeX 2.9\tex\latex\polski\omlplm.fd
"
File: omlplm.fd 2008/02/24 v1.2.1 Font defs for fonts PL (MW)
)
LaTeX Font Info:    Try loading font information for OMS+plsy on input line 11.


("C:\Users\SAMSUNG\AppData\Local\Programs\MiKTeX 2.9\tex\latex\polski\omsplsy.f
d"
File: omsplsy.fd 2008/02/24 v1.2.1 Font defs for fonts PL (MW)
)
LaTeX Font Info:    Try loading font information for OMX+plex on input line 11.


("C:\Users\SAMSUNG\AppData\Local\Programs\MiKTeX 2.9\tex\latex\polski\omxplex.f
d"
File: omxplex.fd 2008/02/24 v1.2.1 Font defs for fonts PL (MW)
)
LaTeX Font Info:    External font `plex10' loaded for size
(Font)              <12> on input line 11.
LaTeX Font Info:    External font `plex10' loaded for size
(Font)              <8> on input line 11.
LaTeX Font Info:    External font `plex10' loaded for size
(Font)              <6> on input line 11.
 [1

{C:/Users/SAMSUNG/AppData/Local/MiKTeX/2.9/pdftex/config/pdftex.map}]
<lol.png, id=8, 361.35pt x 142.5325pt>
File: lol.png Graphic file (type png)
 <use lol.png>
Package pdftex.def Info: lol.png used on input line 18.
(pdftex.def)             Requested size: 325.21199pt x 128.27805pt.
 [2 <./lol.png>]
LaTeX Font Info:    Try loading font information for OMS+cmr on input line 38.

("C:\Users\SAMSUNG\AppData\Local\Programs\MiKTeX 2.9\tex\latex\base\omscmr.fd"
File: omscmr.fd 2014/09/29 v2.5h Standard LaTeX font definitions
)
LaTeX Font Info:    Font shape `OMS/cmr/m/n' in size <10> not available
(Font)              Font shape `OMS/cmsy/m/n' tried instead on input line 38.
<sm.jpg, id=15, 3856.4075pt x 2168.1pt>
File: sm.jpg Graphic file (type jpg)
 <use sm.jpg>
Package pdftex.def Info: sm.jpg used on input line 41.
(pdftex.def)             Requested size: 269.9761pt x 151.7825pt.

<tw.jpg, id=16, 682.55pt x 383.4325pt>
File: tw.jpg Graphic file (type jpg)
 <use tw.jpg>
Package pdftex.def Info: tw.jpg used on input line 48.
(pdftex.def)             Requested size: 273.01517pt x 153.37029pt.

<hw.jpg, id=17, 682.55pt x 383.4325pt>
File: hw.jpg Graphic file (type jpg)
 <use hw.jpg>
Package pdftex.def Info: hw.jpg used on input line 55.
(pdftex.def)             Requested size: 273.01517pt x 153.37029pt.


LaTeX Warning: `h' float specifier changed to `ht'.

[3 <./sm.jpg> <./tw.jpg>] <cr.jpg, id=22, 451.6875pt x 253.94875pt>
File: cr.jpg Graphic file (type jpg)

<use cr.jpg>
Package pdftex.def Info: cr.jpg used on input line 66.
(pdftex.def)             Requested size: 225.84319pt x 126.97406pt.
 [4 <./hw.jpg> <./cr.jpg>]
LaTeX Font Info:    External font `plex10' loaded for size
(Font)              <10> on input line 76.
LaTeX Font Info:    External font `plex10' loaded for size
(Font)              <7> on input line 76.
LaTeX Font Info:    External font `plex10' loaded for size
(Font)              <5> on input line 76.
 [5] (dokument.aux)

LaTeX Warning: Label(s) may have changed. Rerun to get cross-references right.

 ) 
Here is how much of TeX's memory you used:
 1165 strings out of 493634
 16344 string characters out of 3134423
 69902 words of memory out of 3000000
 4546 multiletter control sequences out of 15000+200000
 14358 words of font info for 40 fonts, out of 3000000 for 9000
 1025 hyphenation exceptions out of 8191
 27i,7n,24p,328b,287s stack positions out of 5000i,500n,10000p,200000b,50000s
{C:/Users/SAMSUNG/AppData/Local/Programs/MiKTeX 2.9/fonts/enc/dvips/pl/plit.e
nc}{C:/Users/SAMSUNG/AppData/Local/Programs/MiKTeX 2.9/fonts/enc/dvips/pl/plms.
enc}{C:/Users/SAMSUNG/AppData/Local/Programs/MiKTeX 2.9/fonts/enc/dvips/pl/plrm
.enc}{C:/Users/SAMSUNG/AppData/Local/Programs/MiKTeX 2.9/fonts/enc/dvips/pl/plm
i.enc}<C:/Users/SAMSUNG/AppData/Local/Programs/MiKTeX 2.9/fonts/type1/public/am
sfonts/cm/cmsy10.pfb><C:/Users/SAMSUNG/AppData/Local/Programs/MiKTeX 2.9/fonts/
type1/public/pl/plbx10.pfb><C:/Users/SAMSUNG/AppData/Local/Programs/MiKTeX 2.9/
fonts/type1/public/pl/plbx12.pfb><C:/Users/SAMSUNG/AppData/Local/Programs/MiKTe
X 2.9/fonts/type1/public/pl/plmi10.pfb><C:/Users/SAMSUNG/AppData/Local/Programs
/MiKTeX 2.9/fonts/type1/public/pl/plr10.pfb><C:/Users/SAMSUNG/AppData/Local/Pro
grams/MiKTeX 2.9/fonts/type1/public/pl/plr12.pfb><C:/Users/SAMSUNG/AppData/Loca
l/Programs/MiKTeX 2.9/fonts/type1/public/pl/plr17.pfb><C:/Users/SAMSUNG/AppData
/Local/Programs/MiKTeX 2.9/fonts/type1/public/pl/plr7.pfb><C:/Users/SAMSUNG/App
Data/Local/Programs/MiKTeX 2.9/fonts/type1/public/pl/plsy10.pfb><C:/Users/SAMSU
NG/AppData/Local/Programs/MiKTeX 2.9/fonts/type1/public/pl/plti10.pfb><C:/Users
/SAMSUNG/AppData/Local/Programs/MiKTeX 2.9/fonts/type1/public/pl/plti7.pfb>
Output written on dokument.pdf (5 pages, 1575621 bytes).
PDF statistics:
 73 PDF objects out of 1000 (max. 8388607)
 0 named destinations out of 1000 (max. 500000)
 26 words of extra memory for PDF output out of 10000 (max. 10000000)

